300 30000.00 -143.36528
301 30100.00 -142.09207
302 30200.00 -140.82313
303 30300.00 -139.55836
304 30400.00 -138.29767
305 30500.00 -137.04098
306 30600.00 -135.78819
307 30700.00 -134.53922
308 30800.00 -133.29399
309 30900.00 -132.05241
310 31000.00 -130.81440
311 31100.00 -129.57988
312 31200.00 -128.34878
313 31300.00 -127.12102
314 31400.00 -125.89652
315 31500.00 -124.67522
316 31600.00 -123.45704
317 31700.00 -122.24191
318 31800.00 -121.02977
319 31900.00 -119.82054
320 32000.00 -118.61417
321 32100.00 -117.41059
322 32200.00 -116.20973
323 32300.00 -115.01153
324 32400.00 -113.81594
325 32500.00 -112.62290
326 32600.00 -111.43235
327 32700.00 -110.24422
328 32800.00 -109.05848
329 32900.00 -107.87505
330 33000.00 -106.69390
331 33100.00 -105.51496
332 33200.00 -104.33819
333 33300.00 -103.16353
334 33400.00 -101.99095
335 33500.00 -100.82039
336 33600.00 -99.65180
337 33700.00 -98.48514
338 33800.00 -97.32036
339 33900.00 -96.15743
340 34000.00 -94.99629
341 34100.00 -93.83691
342 34200.00 -92.67924
343 34300.00 -91.52325
344 34400.00 -90.36889
345 34500.00 -89.21614
346 34600.00 -88.06494
347 34700.00 -86.91527
348 34800.00 -85.76709
349 34900.00 -84.62037
350 35000.00 -83.47506
351 35100.00 -82.33114
352 35200.00 -81.18859
353 35300.00 -80.04735
354 35400.00 -78.90741
355 35500.00 -77.76874
356 35600.00 -76.63131
357 35700.00 -75.49508
358 35800.00 -74.36004
359 35900.00 -73.22616
360 36000.00 -72.09341
361 36100.00 -70.96177
362 36200.00 -69.83122
363 36300.00 -68.70173
364 36400.00 -67.57329
365 36500.00 -66.44587
366 36600.00 -65.31945
367 36700.00 -64.19402
368 36800.00 -63.06956
369 36900.00 -61.94605
370 37000.00 -60.82349
371 37100.00 -59.70184
372 37200.00 -58.58111
373 37300.00 -57.46128
374 37400.00 -56.34234
375 37500.00 -55.22428
376 37600.00 -54.10710
377 37700.00 -52.99078
378 37800.00 -51.87533
379 37900.00 -50.76073
380 38000.00 -49.64699
381 38100.00 -48.53411
382 38200.00 -47.42209
383 38300.00 -46.31093
384 38400.00 -45.20063
385 38500.00 -44.09120
386 38600.00 -42.98266
387 38700.00 -41.87500
388 38800.00 -40.76824
389 38900.00 -39.66240
390 39000.00 -38.55749
391 39100.00 -37.45354
392 39200.00 -36.35055
393 39300.00 -35.24857
394 39400.00 -34.14760
395 39500.00 -33.04769
396 39600.00 -31.94886
397 39700.00 -30.85115
398 39800.00 -29.75460
399 39900.00 -28.65926
400 40000.00 -27.56515
401 40100.00 -26.47235
402 40200.00 -25.38089
403 40300.00 -24.29084
404 40400.00 -23.20226
405 40500.00 -22.11521
406 40600.00 -21.02977
407 40700.00 -19.94601
408 40800.00 -18.86402
409 40900.00 -17.78388
410 41000.00 -16.70568
411 41100.00 -15.62954
412 41200.00 -14.55554
413 41300.00 -13.48382
414 41400.00 -12.41448
415 41500.00 -11.34766
416 41600.00 -10.28350
417 41700.00 -9.22213
418 41800.00 -8.16372
419 41900.00 -7.10844
420 42000.00 -6.05645
421 42100.00 -5.00794
422 42200.00 -3.96312
423 42300.00 -2.92219
424 42400.00 -1.88537
425 42500.00 -0.85291
426 42600.00 0.17495
427 42700.00 1.19794
428 42800.00 2.21578
429 42900.00 3.22817
430 43000.00 4.23479
431 43100.00 5.23531
432 43200.00 6.22936
433 43300.00 7.21657
434 43400.00 8.19654
435 43500.00 9.16885
436 43600.00 10.13304
437 43700.00 11.08864
438 43800.00 12.03515
439 43900.00 12.97203
440 44000.00 13.89871
441 44100.00 14.81461
442 44200.00 15.71908
443 44300.00 16.61145
444 44400.00 17.49102
445 44500.00 18.35704
446 44600.00 19.20871
447 44700.00 20.04519
448 44800.00 20.86560
449 44900.00 21.66901
450 45000.00 22.45441
451 45100.00 23.22078
452 45200.00 23.96699
453 45300.00 24.69189
454 45400.00 25.39425
455 45500.00 26.07277
456 45600.00 26.72610
457 45700.00 27.35278
458 45800.00 27.95131
459 45900.00 28.52010
460 46000.00 29.05747
461 46100.00 29.56167
462 46200.00 30.03086
463 46300.00 30.46310
464 46400.00 30.85639
465 46500.00 31.20860
466 46600.00 31.51754
467 46700.00 31.78091
468 46800.00 31.99633
469 46900.00 32.16131
470 47000.00 32.27329
471 47100.00 32.32962
472 47200.00 32.32756
473 47300.00 32.26431
474 47400.00 32.13698
475 47500.00 31.94266
476 47600.00 31.67835
477 47700.00 31.34106
478 47800.00 30.92775
479 47900.00 30.43540
480 48000.00 29.86102
481 48100.00 29.20168
482 48200.00 28.45451
483 48300.00 27.61679
484 48400.00 26.68592
485 48500.00 25.65953
486 48600.00 24.53548
487 48700.00 23.31191
488 48800.00 21.98731
489 48900.00 20.56059
490 49000.00 19.03110
491 49100.00 17.39872
492 49200.00 15.66394
493 49300.00 13.82786
494 49400.00 11.89233
495 49500.00 9.85995
496 49600.00 7.73417
497 49700.00 5.51929
498 49800.00 3.22055
499 49900.00 0.84415
500 50000.00 -1.60276
501 50100.00 -4.11205
502 50200.00 -6.67463
503 50300.00 -9.28049
504 50400.00 -11.91871
505 50500.00 -14.57761
506 50600.00 -17.24476
507 50700.00 -19.90714
508 50800.00 -22.55125
509 50900.00 -25.16328
510 51000.00 -27.72922
511 51100.00 -30.23509
512 51200.00 -32.66708
513 51300.00 -35.01175
514 51400.00 -37.25618
515 51500.00 -39.38816
516 51600.00 -41.39634
517 51700.00 -43.27037
518 51800.00 -45.00102
519 51900.00 -46.58028
520 52000.00 -48.00142
521 52100.00 -49.25904
522 52200.00 -50.34912
523 52300.00 -51.26895
524 52400.00 -52.01718
525 52500.00 -52.59370
526 52600.00 -52.99962
527 52700.00 -53.23716
528 52800.00 -53.30955
529 52900.00 -53.22093
530 53000.00 -52.97626
531 53100.00 -52.58115
532 53200.00 -52.04180
533 53300.00 -51.36485
534 53400.00 -50.55731
535 53500.00 -49.62641
536 53600.00 -48.57955
537 53700.00 -47.42420
538 53800.00 -46.16781
539 53900.00 -44.81775
540 54000.00 -43.38129
541 54100.00 -41.86549
542 54200.00 -40.27719
543 54300.00 -38.62298
544 54400.00 -36.90919
545 54500.00 -35.14182
546 54600.00 -33.32659
547 54700.00 -31.46889
548 54800.00 -29.57378
549 54900.00 -27.64603
550 55000.00 -25.69007
551 55100.00 -23.71004
552 55200.00 -21.70975
553 55300.00 -19.69277
554 55400.00 -17.66236
555 55500.00 -15.62151
556 55600.00 -13.57299
557 55700.00 -11.51931
558 55800.00 -9.46275
559 55900.00 -7.40541
560 56000.00 -5.34917
561 56100.00 -3.29574
562 56200.00 -1.24663
563 56300.00 0.79676
564 56400.00 2.83323
565 56500.00 4.86166
566 56600.00 6.88110
567 56700.00 8.89069
568 56800.00 10.88969
569 56900.00 12.87745
570 57000.00 14.85340
571 57100.00 16.81708
572 57200.00 18.76806
573 57300.00 20.70602
574 57400.00 22.63067
575 57500.00 24.54179
576 57600.00 26.43921
577 57700.00 28.32281
578 57800.00 30.19249
579 57900.00 32.04821
580 58000.00 33.88994
581 58100.00 35.71772
582 58200.00 37.53156
583 58300.00 39.33154
584 58400.00 41.11774
585 58500.00 42.89027
586 58600.00 44.64923
587 58700.00 46.39477
588 58800.00 48.12704
589 58900.00 49.84617
590 59000.00 51.55236
591 59100.00 53.24575
592 59200.00 54.92655
593 59300.00 56.59493
594 59400.00 58.25109
595 59500.00 59.89521
596 59600.00 61.52750
597 59700.00 63.14816
598 59800.00 64.75739
599 59900.00 66.35539
600 60000.00 67.94236
601 60100.00 69.51851
602 60200.00 71.08404
603 60300.00 72.63915
604 60400.00 74.18404
605 60500.00 75.71891
606 60600.00 77.24395
607 60700.00 78.75937
608 60800.00 80.26535
609 60900.00 81.76209
610 61000.00 83.24977
611 61100.00 84.72858
612 61200.00 86.19870
613 61300.00 87.66031
614 61400.00 89.11359
615 61500.00 90.55872
616 61600.00 91.99586
617 61700.00 93.42519
618 61800.00 94.84686
619 61900.00 96.26105
620 62000.00 97.66791
621 62100.00 99.06761
622 62200.00 100.46028
623 62300.00 101.84609
624 62400.00 103.22518
625 62500.00 104.59769
626 62600.00 105.96377
627 62700.00 107.32356
628 62800.00 108.67720
629 62900.00 110.02481
630 63000.00 111.36652
631 63100.00 112.70248
632 63200.00 114.03279
633 63300.00 115.35759
634 63400.00 116.67699
635 63500.00 117.99111
636 63600.00 119.30007
637 63700.00 120.60398
638 63800.00 121.90295
639 63900.00 123.19708
640 64000.00 124.48649
641 64100.00 125.77128
642 64200.00 127.05155
643 64300.00 128.32739
644 64400.00 129.59890
645 64500.00 130.86619
646 64600.00 132.12933
647 64700.00 133.38843
648 64800.00 134.64357
649 64900.00 135.89484
650 65000.00 137.14233
651 65100.00 138.38611
652 65200.00 139.62627
653 65300.00 140.86290
654 65400.00 142.09606
655 65500.00 143.32583
656 65600.00 144.55229
657 65700.00 145.77552
658 65800.00 146.99558
659 65900.00 148.21255
660 66000.00 149.42649
661 66100.00 150.63748
662 66200.00 151.84557
663 66300.00 153.05083
664 66400.00 154.25333
665 66500.00 155.45313
666 66600.00 156.65029
667 66700.00 157.84487
668 66800.00 159.03693
669 66900.00 160.22651
670 67000.00 161.41369
671 67100.00 162.59852
672 67200.00 163.78104
673 67300.00 164.96131
674 67400.00 166.13939
675 67500.00 167.31532
676 67600.00 168.48915
677 67700.00 169.66093
678 67800.00 170.83071
679 67900.00 171.99853
680 68000.00 173.16445
681 68100.00 174.32849
682 68200.00 175.49071
683 68300.00 176.65115
684 68400.00 177.80985
685 68500.00 178.96685
686 68600.00 180.12219
687 68700.00 181.27591
688 68800.00 182.42805
689 68900.00 183.57864
690 69000.00 184.72771
691 69100.00 185.87532
692 69200.00 187.02148
693 69300.00 188.16623
694 69400.00 189.30961
695 69500.00 190.45164
696 69600.00 191.59236
697 69700.00 192.73179
698 69800.00 193.86997
699 69900.00 195.00693
