300 30000.00 -48.36441
301 30100.00 -46.66113
302 30200.00 -44.90437
303 30300.00 -43.09732
304 30400.00 -41.24316
305 30500.00 -39.34510
306 30600.00 -37.40634
307 30700.00 -35.43011
308 30800.00 -33.41966
309 30900.00 -31.37825
310 31000.00 -29.30917
311 31100.00 -27.21575
312 31200.00 -25.10137
313 31300.00 -22.96943
314 31400.00 -20.82340
315 31500.00 -18.66678
316 31600.00 -16.50316
317 31700.00 -14.33619
318 31800.00 -12.16956
319 31900.00 -10.00708
320 32000.00 -7.85262
321 32100.00 -5.71012
322 32200.00 -3.58364
323 32300.00 -1.47731
324 32400.00 0.60464
325 32500.00 2.65790
326 32600.00 4.67803
327 32700.00 6.66052
328 32800.00 8.60077
329 32900.00 10.49408
330 33000.00 12.33567
331 33100.00 14.12068
332 33200.00 15.84418
333 33300.00 17.50118
334 33400.00 19.08664
335 33500.00 20.59548
336 33600.00 22.02263
337 33700.00 23.36300
338 33800.00 24.61151
339 33900.00 25.76317
340 34000.00 26.81302
341 34100.00 27.75623
342 34200.00 28.58810
343 34300.00 29.30410
344 34400.00 29.89989
345 34500.00 30.37139
346 34600.00 30.71480
347 34700.00 30.92662
348 34800.00 31.00375
349 34900.00 30.94348
350 35000.00 30.74353
351 35100.00 30.40214
352 35200.00 29.91806
353 35300.00 29.29062
354 35400.00 28.51975
355 35500.00 27.60600
356 35600.00 26.55060
357 35700.00 25.35545
358 35800.00 24.02316
359 35900.00 22.55703
360 36000.00 20.96111
361 36100.00 19.24012
362 36200.00 17.39950
363 36300.00 15.44537
364 36400.00 13.38449
365 36500.00 11.22424
366 36600.00 8.97259
367 36700.00 6.63801
368 36800.00 4.22946
369 36900.00 1.75630
370 37000.00 -0.77177
371 37100.00 -3.34476
372 37200.00 -5.95251
373 37300.00 -8.58471
374 37400.00 -11.23101
375 37500.00 -13.88108
376 37600.00 -16.52470
377 37700.00 -19.15180
378 37800.00 -21.75255
379 37900.00 -24.31743
380 38000.00 -26.83725
381 38100.00 -29.30324
382 38200.00 -31.70709
383 38300.00 -34.04095
384 38400.00 -36.29751
385 38500.00 -38.47000
386 38600.00 -40.55220
387 38700.00 -42.53849
388 38800.00 -44.42381
389 38900.00 -46.20369
390 39000.00 -47.87423
391 39100.00 -49.43208
392 39200.00 -50.87448
393 39300.00 -52.19916
394 39400.00 -53.40438
395 39500.00 -54.48888
396 39600.00 -55.45187
397 39700.00 -56.29299
398 39800.00 -57.01227
399 39900.00 -57.61013
400 40000.00 -58.08734
401 40100.00 -58.44498
402 40200.00 -58.68442
403 40300.00 -58.80729
404 40400.00 -58.81546
405 40500.00 -58.71101
406 40600.00 -58.49620
407 40700.00 -58.17345
408 40800.00 -57.74532
409 40900.00 -57.21452
410 41000.00 -56.58382
411 41100.00 -55.85611
412 41200.00 -55.03433
413 41300.00 -54.12150
414 41400.00 -53.12068
415 41500.00 -52.03495
416 41600.00 -50.86745
417 41700.00 -49.62131
418 41800.00 -48.29971
419 41900.00 -46.90579
420 42000.00 -45.44275
421 42100.00 -43.91377
422 42200.00 -42.32201
423 42300.00 -40.67066
424 42400.00 -38.96291
425 42500.00 -37.20194
426 42600.00 -35.39093
427 42700.00 -33.53308
428 42800.00 -31.63158
429 42900.00 -29.68965
430 43000.00 -27.71052
431 43100.00 -25.69742
432 43200.00 -23.65363
433 43300.00 -21.58244
434 43400.00 -19.48720
435 43500.00 -17.37125
436 43600.00 -15.23804
437 43700.00 -13.09101
438 43800.00 -10.93369
439 43900.00 -8.76966
440 44000.00 -6.60257
441 44100.00 -4.43614
442 44200.00 -2.27417
443 44300.00 -0.12053
444 44400.00 2.02081
445 44500.00 4.14581
446 44600.00 6.25032
447 44700.00 8.33009
448 44800.00 10.38082
449 44900.00 12.39805
450 45000.00 14.37728
451 45100.00 16.31389
452 45200.00 18.20317
453 45300.00 20.04033
454 45400.00 21.82052
455 45500.00 23.53879
456 45600.00 25.19015
457 45700.00 26.76956
458 45800.00 28.27194
459 45900.00 29.69222
460 46000.00 31.02529
461 46100.00 32.26611
462 46200.00 33.40966
463 46300.00 34.45100
464 46400.00 35.38533
465 46500.00 36.20793
466 46600.00 36.91430
467 46700.00 37.50012
468 46800.00 37.96132
469 46900.00 38.29414
470 47000.00 38.49511
471 47100.00 38.56115
472 47200.00 38.48958
473 47300.00 38.27817
474 47400.00 37.92520
475 47500.00 37.42947
476 47600.00 36.79034
477 47700.00 36.00781
478 47800.00 35.08247
479 47900.00 34.01561
480 48000.00 32.80918
481 48100.00 31.46586
482 48200.00 29.98901
483 48300.00 28.38271
484 48400.00 26.65177
485 48500.00 24.80167
486 48600.00 22.83858
487 48700.00 20.76933
488 48800.00 18.60133
489 48900.00 16.34260
490 49000.00 14.00166
491 49100.00 11.58749
492 49200.00 9.10950
493 49300.00 6.57740
494 49400.00 4.00119
495 49500.00 1.39106
496 49600.00 -1.24267
497 49700.00 -3.88966
498 49800.00 -6.53959
499 49900.00 -9.18224
500 50000.00 -11.80755
501 50100.00 -14.40574
502 50200.00 -16.96728
503 50300.00 -19.48304
504 50400.00 -21.94429
505 50500.00 -24.34272
506 50600.00 -26.67055
507 50700.00 -28.92051
508 50800.00 -31.08587
509 50900.00 -33.16047
510 51000.00 -35.13872
511 51100.00 -37.01561
512 51200.00 -38.78673
513 51300.00 -40.44820
514 51400.00 -41.99676
515 51500.00 -43.42964
516 51600.00 -44.74465
517 51700.00 -45.94008
518 51800.00 -47.01472
519 51900.00 -47.96779
520 52000.00 -48.79898
521 52100.00 -49.50835
522 52200.00 -50.09636
523 52300.00 -50.56379
524 52400.00 -50.91175
525 52500.00 -51.14163
526 52600.00 -51.25509
527 52700.00 -51.25401
528 52800.00 -51.14048
529 52900.00 -50.91679
530 53000.00 -50.58536
531 53100.00 -50.14878
532 53200.00 -49.60973
533 53300.00 -48.97102
534 53400.00 -48.23554
535 53500.00 -47.40624
536 53600.00 -46.48613
537 53700.00 -45.47827
538 53800.00 -44.38577
539 53900.00 -43.21175
540 54000.00 -41.95935
541 54100.00 -40.63174
542 54200.00 -39.23208
543 54300.00 -37.76355
544 54400.00 -36.22933
545 54500.00 -34.63260
546 54600.00 -32.97654
547 54700.00 -31.26434
548 54800.00 -29.49917
549 54900.00 -27.68423
550 55000.00 -25.82271
551 55100.00 -23.91780
552 55200.00 -21.97272
553 55300.00 -19.99069
554 55400.00 -17.97497
555 55500.00 -15.92883
556 55600.00 -13.85556
557 55700.00 -11.75850
558 55800.00 -9.64102
559 55900.00 -7.50655
560 56000.00 -5.35855
561 56100.00 -3.20055
562 56200.00 -1.03614
563 56300.00 1.13104
564 56400.00 3.29725
565 56500.00 5.45869
566 56600.00 7.61147
567 56700.00 9.75164
568 56800.00 11.87512
569 56900.00 13.97778
570 57000.00 16.05535
571 57100.00 18.10351
572 57200.00 20.11783
573 57300.00 22.09376
574 57400.00 24.02669
575 57500.00 25.91190
576 57600.00 27.74461
577 57700.00 29.51994
578 57800.00 31.23295
579 57900.00 32.87864
580 58000.00 34.45197
581 58100.00 35.94786
582 58200.00 37.36122
583 58300.00 38.68697
584 58400.00 39.92006
585 58500.00 41.05547
586 58600.00 42.08828
587 58700.00 43.01368
588 58800.00 43.82698
589 58900.00 44.52369
590 59000.00 45.09951
591 59100.00 45.55040
592 59200.00 45.87261
593 59300.00 46.06270
594 59400.00 46.11763
595 59500.00 46.03475
596 59600.00 45.81187
597 59700.00 45.44732
598 59800.00 44.93992
599 59900.00 44.28911
600 60000.00 43.49492
601 60100.00 42.55800
602 60200.00 41.47969
603 60300.00 40.26201
604 60400.00 38.90768
605 60500.00 37.42012
606 60600.00 35.80349
607 60700.00 34.06263
608 60800.00 32.20309
609 60900.00 30.23109
610 61000.00 28.15351
611 61100.00 25.97782
612 61200.00 23.71207
613 61300.00 21.36483
614 61400.00 18.94511
615 61500.00 16.46234
616 61600.00 13.92627
617 61700.00 11.34692
618 61800.00 8.73448
619 61900.00 6.09928
620 62000.00 3.45166
621 62100.00 0.80195
622 62200.00 -1.83966
623 62300.00 -4.46313
624 62400.00 -7.05868
625 62500.00 -9.61684
626 62600.00 -12.12848
627 62700.00 -14.58491
628 62800.00 -16.97788
629 62900.00 -19.29963
630 63000.00 -21.54295
631 63100.00 -23.70114
632 63200.00 -25.76810
633 63300.00 -27.73827
634 63400.00 -29.60671
635 63500.00 -31.36903
636 63600.00 -33.02143
637 63700.00 -34.56066
638 63800.00 -35.98403
639 63900.00 -37.28936
640 64000.00 -38.47499
641 64100.00 -39.53975
642 64200.00 -40.48290
643 64300.00 -41.30416
644 64400.00 -42.00363
645 64500.00 -42.58178
646 64600.00 -43.03944
647 64700.00 -43.37773
648 64800.00 -43.59807
649 64900.00 -43.70213
650 65000.00 -43.69181
651 65100.00 -43.56923
652 65200.00 -43.33667
653 65300.00 -42.99658
654 65400.00 -42.55155
655 65500.00 -42.00428
656 65600.00 -41.35759
657 65700.00 -40.61435
658 65800.00 -39.77754
659 65900.00 -38.85017
660 66000.00 -37.83531
661 66100.00 -36.73605
662 66200.00 -35.55553
663 66300.00 -34.29689
664 66400.00 -32.96329
665 66500.00 -31.55790
666 66600.00 -30.08391
667 66700.00 -28.54448
668 66800.00 -26.94280
669 66900.00 -25.28205
670 67000.00 -23.56542
671 67100.00 -21.79608
672 67200.00 -19.97722
673 67300.00 -18.11205
674 67400.00 -16.20375
675 67500.00 -14.25554
676 67600.00 -12.27065
677 67700.00 -10.25233
678 67800.00 -8.20385
679 67900.00 -6.12852
680 68000.00 -4.02967
681 68100.00 -1.91068
682 68200.00 0.22502
683 68300.00 2.37397
684 68400.00 4.53263
685 68500.00 6.69740
686 68600.00 8.86464
687 68700.00 11.03060
688 68800.00 13.19149
689 68900.00 15.34340
690 69000.00 17.48236
691 69100.00 19.60430
692 69200.00 21.70507
693 69300.00 23.78042
694 69400.00 25.82599
695 69500.00 27.83735
696 69600.00 29.80995
697 69700.00 31.73917
698 69800.00 33.62029
699 69900.00 35.44851
